
[2017-06-27 20:19:21] Gulled Desktop: Score has increased from 75 to 76.
[2017-06-27 20:28:06] Kicks FI Desktop: Score has decreased from 47 to 40.
[2017-06-27 20:28:06] Gulled Desktop: Score has decreased from 76 to 75.
[2017-06-28 06:14:34] Kicks FI Desktop: Score has increased from 40 to 46.
[2017-06-28 06:14:35] Kicks SE Mobile: Score has increased from 63 to 66.
[2017-06-28 06:14:35] Kicks NO Mobile: Score has increased from 65 to 67.
[2017-06-28 06:14:35] Scorett Mobile: Score has decreased from 34 to 33.
[2017-06-28 06:14:37] Kicks SE Desktop: Score has increased from 71 to 73.
[2017-06-28 06:14:38] Margarethas Mobile: Score has decreased from 22 to 21.
[2017-06-28 06:14:38] Scorett Desktop: Score has decreased from 63 to 49.
[2017-06-28 10:29:40] Scorett Mobile: Score has decreased from 33 to 32.
[2017-06-28 10:29:41] Kicks SE Mobile: Score has decreased from 66 to 65.
[2017-06-28 10:29:41] Gulled Desktop: Score has increased from 75 to 76.
[2017-06-28 10:29:41] Kappahl Desktop: Score has decreased from 73 to 71.
[2017-06-28 10:29:42] Kicks SE Desktop: Score has increased from 73 to 75.
[2017-06-28 10:29:43] Kicks NO Desktop: Score has increased from 75 to 77.
[2017-06-28 10:29:45] Margarethas Mobile: Score has increased from 21 to 22.
[2017-06-28 10:36:13] Privab Mobile: Score has increased from 0 to 98.
[2017-06-28 10:36:14] Brandpartner Desktop: Score has increased from 0 to 81.
[2017-06-28 10:36:15] Scorett Mobile: Score has increased from 32 to 33.
[2017-06-28 10:36:16] Gulled Desktop: Score has decreased from 76 to 75.
[2017-06-28 10:36:16] Kicks SE Mobile: Score has increased from 65 to 66.
[2017-06-28 10:36:20] Margarethas Desktop: Score has increased from 25 to 26.
[2017-06-28 10:37:38] Scorett Mobile: Score has decreased from 33 to 31.
[2017-06-28 10:37:38] Privab Desktop: Score has increased from 0 to 30.
[2017-06-28 10:37:44] Margarethas Desktop: Score has decreased from 26 to 25.
[2017-06-28 10:41:25] Kicks NO Mobile: Score has decreased from 67 to 66.
[2017-06-28 10:41:25] Privab Mobile: Score has decreased from 98 to 26.
[2017-06-28 10:41:26] Gulled Mobile: Score has increased from 66 to 67.
[2017-06-28 10:41:26] Grolls Desktop: Score has increased from 0 to 71.
[2017-06-28 10:41:29] Kicks NO Desktop: Score has decreased from 77 to 70.